C:\USERS\VM RAG\DOCUMENTS\GITHUB\EIENRO_HERCULES\VCPROJ-12\PLUGIN-HPMHOOKING_LOGIN\DEBUG\HPMHOOKING.OBJ
C:\USERS\VM RAG\DOCUMENTS\GITHUB\EIENRO_HERCULES\VCPROJ-12\PLUGIN-HPMHOOKING_LOGIN\DEBUG\VC110.PDB
C:\USERS\VM RAG\DOCUMENTS\GITHUB\EIENRO_HERCULES\PLUGINS\HPMHOOKING_LOGIN.DLL
C:\USERS\VM RAG\DOCUMENTS\GITHUB\EIENRO_HERCULES\VCPROJ-12\PLUGIN-HPMHOOKING_LOGIN\DEBUG\HPMHOOKING_LOGIN.PDB
C:\Users\VM Rag\Documents\GitHub\EienRO_Hercules\vcproj-12\plugin-HPMHooking_login\Debug\HPMHooking_login.lib
C:\Users\VM Rag\Documents\GitHub\EienRO_Hercules\vcproj-12\plugin-HPMHooking_login\Debug\HPMHooking_login.exp
C:\Users\VM Rag\Documents\GitHub\EienRO_Hercules\vcproj-12\plugin-HPMHooking_login\Debug\HPMHooking.obj
C:\Users\VM Rag\Documents\GitHub\EienRO_Hercules\vcproj-12\plugin-HPMHooking_login\Debug\cl.command.1.tlog
C:\Users\VM Rag\Documents\GitHub\EienRO_Hercules\vcproj-12\plugin-HPMHooking_login\Debug\CL.read.1.tlog
C:\Users\VM Rag\Documents\GitHub\EienRO_Hercules\vcproj-12\plugin-HPMHooking_login\Debug\CL.write.1.tlog
C:\Users\VM Rag\Documents\GitHub\EienRO_Hercules\vcproj-12\plugin-HPMHooking_login\Debug\link-cvtres.read.1.tlog
C:\Users\VM Rag\Documents\GitHub\EienRO_Hercules\vcproj-12\plugin-HPMHooking_login\Debug\link-cvtres.write.1.tlog
C:\Users\VM Rag\Documents\GitHub\EienRO_Hercules\vcproj-12\plugin-HPMHooking_login\Debug\link-rc.read.1.tlog
C:\Users\VM Rag\Documents\GitHub\EienRO_Hercules\vcproj-12\plugin-HPMHooking_login\Debug\link-rc.write.1.tlog
C:\Users\VM Rag\Documents\GitHub\EienRO_Hercules\vcproj-12\plugin-HPMHooking_login\Debug\link.command.1.tlog
C:\Users\VM Rag\Documents\GitHub\EienRO_Hercules\vcproj-12\plugin-HPMHooking_login\Debug\link.read.1.tlog
C:\Users\VM Rag\Documents\GitHub\EienRO_Hercules\vcproj-12\plugin-HPMHooking_login\Debug\link.write.1.tlog
C:\Users\VM Rag\Documents\GitHub\EienRO_Hercules\vcproj-12\plugin-HPMHooking_login\Debug\plugin-HPMHooking_login.write.1.tlog
C:\Users\VM Rag\Documents\GitHub\EienRO_Hercules\vcproj-12\plugin-HPMHooking_login\Debug\HPMHooking_login.pdb
C:\Users\VM Rag\Documents\GitHub\EienRO_Hercules\vcproj-12\plugin-HPMHooking_login\Debug\vc110.pdb
C:\Users\VM Rag\Documents\GitHub\EienRO_Hercules\vcproj-12\..\plugins\HPMHooking_login.dll
