C:\Users\VM Rag\Documents\GitHub\EienRO_Hercules\char-server.lib
C:\Users\VM Rag\Documents\GitHub\EienRO_Hercules\char-server.exp
C:\USERS\VM RAG\DOCUMENTS\GITHUB\EIENRO_HERCULES\VCPROJ-11\CHAR-SERVER\DEBUG\VC110.PDB
C:\USERS\VM RAG\DOCUMENTS\GITHUB\EIENRO_HERCULES\CHAR-SERVER.ILK
C:\USERS\VM RAG\DOCUMENTS\GITHUB\EIENRO_HERCULES\CHAR-SERVER.EXE
C:\USERS\VM RAG\DOCUMENTS\GITHUB\EIENRO_HERCULES\CHAR-SERVER.PDB
C:\Users\VM Rag\Documents\GitHub\EienRO_Hercules\vcproj-11\char-server\Debug\char.obj
C:\Users\VM Rag\Documents\GitHub\EienRO_Hercules\vcproj-11\char-server\Debug\conf.obj
C:\Users\VM Rag\Documents\GitHub\EienRO_Hercules\vcproj-11\char-server\Debug\console.obj
C:\Users\VM Rag\Documents\GitHub\EienRO_Hercules\vcproj-11\char-server\Debug\core.obj
C:\Users\VM Rag\Documents\GitHub\EienRO_Hercules\vcproj-11\char-server\Debug\db.obj
C:\Users\VM Rag\Documents\GitHub\EienRO_Hercules\vcproj-11\char-server\Debug\ers.obj
C:\Users\VM Rag\Documents\GitHub\EienRO_Hercules\vcproj-11\char-server\Debug\geoip.obj
C:\Users\VM Rag\Documents\GitHub\EienRO_Hercules\vcproj-11\char-server\Debug\grammar.obj
C:\Users\VM Rag\Documents\GitHub\EienRO_Hercules\vcproj-11\char-server\Debug\HPM.obj
C:\Users\VM Rag\Documents\GitHub\EienRO_Hercules\vcproj-11\char-server\Debug\HPMchar.obj
C:\Users\VM Rag\Documents\GitHub\EienRO_Hercules\vcproj-11\char-server\Debug\inter.obj
C:\Users\VM Rag\Documents\GitHub\EienRO_Hercules\vcproj-11\char-server\Debug\int_auction.obj
C:\Users\VM Rag\Documents\GitHub\EienRO_Hercules\vcproj-11\char-server\Debug\int_elemental.obj
C:\Users\VM Rag\Documents\GitHub\EienRO_Hercules\vcproj-11\char-server\Debug\int_guild.obj
C:\Users\VM Rag\Documents\GitHub\EienRO_Hercules\vcproj-11\char-server\Debug\int_homun.obj
C:\Users\VM Rag\Documents\GitHub\EienRO_Hercules\vcproj-11\char-server\Debug\int_mail.obj
C:\Users\VM Rag\Documents\GitHub\EienRO_Hercules\vcproj-11\char-server\Debug\int_mercenary.obj
C:\Users\VM Rag\Documents\GitHub\EienRO_Hercules\vcproj-11\char-server\Debug\int_party.obj
C:\Users\VM Rag\Documents\GitHub\EienRO_Hercules\vcproj-11\char-server\Debug\int_pet.obj
C:\Users\VM Rag\Documents\GitHub\EienRO_Hercules\vcproj-11\char-server\Debug\int_quest.obj
C:\Users\VM Rag\Documents\GitHub\EienRO_Hercules\vcproj-11\char-server\Debug\int_storage.obj
C:\Users\VM Rag\Documents\GitHub\EienRO_Hercules\vcproj-11\char-server\Debug\libconfig.obj
C:\Users\VM Rag\Documents\GitHub\EienRO_Hercules\vcproj-11\char-server\Debug\loginif.obj
C:\Users\VM Rag\Documents\GitHub\EienRO_Hercules\vcproj-11\char-server\Debug\malloc.obj
C:\Users\VM Rag\Documents\GitHub\EienRO_Hercules\vcproj-11\char-server\Debug\mapif.obj
C:\Users\VM Rag\Documents\GitHub\EienRO_Hercules\vcproj-11\char-server\Debug\mapindex.obj
C:\Users\VM Rag\Documents\GitHub\EienRO_Hercules\vcproj-11\char-server\Debug\mt19937ar.obj
C:\Users\VM Rag\Documents\GitHub\EienRO_Hercules\vcproj-11\char-server\Debug\mutex.obj
C:\Users\VM Rag\Documents\GitHub\EienRO_Hercules\vcproj-11\char-server\Debug\nullpo.obj
C:\Users\VM Rag\Documents\GitHub\EienRO_Hercules\vcproj-11\char-server\Debug\pincode.obj
C:\Users\VM Rag\Documents\GitHub\EienRO_Hercules\vcproj-11\char-server\Debug\random.obj
C:\Users\VM Rag\Documents\GitHub\EienRO_Hercules\vcproj-11\char-server\Debug\scanctx.obj
C:\Users\VM Rag\Documents\GitHub\EienRO_Hercules\vcproj-11\char-server\Debug\scanner.obj
C:\Users\VM Rag\Documents\GitHub\EienRO_Hercules\vcproj-11\char-server\Debug\showmsg.obj
C:\Users\VM Rag\Documents\GitHub\EienRO_Hercules\vcproj-11\char-server\Debug\socket.obj
C:\Users\VM Rag\Documents\GitHub\EienRO_Hercules\vcproj-11\char-server\Debug\sql.obj
C:\Users\VM Rag\Documents\GitHub\EienRO_Hercules\vcproj-11\char-server\Debug\strbuf.obj
C:\Users\VM Rag\Documents\GitHub\EienRO_Hercules\vcproj-11\char-server\Debug\strlib.obj
C:\Users\VM Rag\Documents\GitHub\EienRO_Hercules\vcproj-11\char-server\Debug\sysinfo.obj
C:\Users\VM Rag\Documents\GitHub\EienRO_Hercules\vcproj-11\char-server\Debug\thread.obj
C:\Users\VM Rag\Documents\GitHub\EienRO_Hercules\vcproj-11\char-server\Debug\timer.obj
C:\Users\VM Rag\Documents\GitHub\EienRO_Hercules\vcproj-11\char-server\Debug\utils.obj
C:\Users\VM Rag\Documents\GitHub\EienRO_Hercules\vcproj-11\char-server\Debug\char-server.write.1.tlog
C:\Users\VM Rag\Documents\GitHub\EienRO_Hercules\vcproj-11\char-server\Debug\CL.4064.read.1.tlog
C:\Users\VM Rag\Documents\GitHub\EienRO_Hercules\vcproj-11\char-server\Debug\CL.4064.write.1.tlog
C:\Users\VM Rag\Documents\GitHub\EienRO_Hercules\vcproj-11\char-server\Debug\CL.548.read.1.tlog
C:\Users\VM Rag\Documents\GitHub\EienRO_Hercules\vcproj-11\char-server\Debug\CL.548.write.1.tlog
C:\Users\VM Rag\Documents\GitHub\EienRO_Hercules\vcproj-11\char-server\Debug\cl.command.1.tlog
C:\Users\VM Rag\Documents\GitHub\EienRO_Hercules\vcproj-11\char-server\Debug\CL.read.1.tlog
C:\Users\VM Rag\Documents\GitHub\EienRO_Hercules\vcproj-11\char-server\Debug\cl.write.1.tlog
C:\Users\VM Rag\Documents\GitHub\EienRO_Hercules\vcproj-11\char-server\Debug\link-cvtres.read.1.tlog
C:\Users\VM Rag\Documents\GitHub\EienRO_Hercules\vcproj-11\char-server\Debug\link-cvtres.write.1.tlog
C:\Users\VM Rag\Documents\GitHub\EienRO_Hercules\vcproj-11\char-server\Debug\link-rc.read.1.tlog
C:\Users\VM Rag\Documents\GitHub\EienRO_Hercules\vcproj-11\char-server\Debug\link-rc.write.1.tlog
C:\Users\VM Rag\Documents\GitHub\EienRO_Hercules\vcproj-11\char-server\Debug\link.command.1.tlog
C:\Users\VM Rag\Documents\GitHub\EienRO_Hercules\vcproj-11\char-server\Debug\link.read.1.tlog
C:\Users\VM Rag\Documents\GitHub\EienRO_Hercules\vcproj-11\char-server\Debug\link.write.1.tlog
C:\Users\VM Rag\Documents\GitHub\EienRO_Hercules\vcproj-11\char-server\Debug\vc110.idb
C:\Users\VM Rag\Documents\GitHub\EienRO_Hercules\vcproj-11\char-server\Debug\vc110.pdb
C:\Users\VM Rag\Documents\GitHub\EienRO_Hercules\vcproj-11\..\char-server.exe
