C:\USERS\VM RAG\DOCUMENTS\GITHUB\EIENRO_HERCULES\VCPROJ-12\MAP-SERVER\DEBUG\VC110.PDB
C:\USERS\VM RAG\DOCUMENTS\GITHUB\EIENRO_HERCULES\MAP-SERVER.ILK
C:\USERS\VM RAG\DOCUMENTS\GITHUB\EIENRO_HERCULES\MAP-SERVER.EXE
C:\USERS\VM RAG\DOCUMENTS\GITHUB\EIENRO_HERCULES\MAP-SERVER.PDB
C:\Users\VM Rag\Documents\GitHub\EienRO_Hercules\map-server.lib
C:\Users\VM Rag\Documents\GitHub\EienRO_Hercules\map-server.exp
C:\Users\VM Rag\Documents\GitHub\EienRO_Hercules\vcproj-12\map-server\Debug\atcommand.obj
C:\Users\VM Rag\Documents\GitHub\EienRO_Hercules\vcproj-12\map-server\Debug\battle.obj
C:\Users\VM Rag\Documents\GitHub\EienRO_Hercules\vcproj-12\map-server\Debug\battleground.obj
C:\Users\VM Rag\Documents\GitHub\EienRO_Hercules\vcproj-12\map-server\Debug\buyingstore.obj
C:\Users\VM Rag\Documents\GitHub\EienRO_Hercules\vcproj-12\map-server\Debug\channel.obj
C:\Users\VM Rag\Documents\GitHub\EienRO_Hercules\vcproj-12\map-server\Debug\chat.obj
C:\Users\VM Rag\Documents\GitHub\EienRO_Hercules\vcproj-12\map-server\Debug\chrif.obj
C:\Users\VM Rag\Documents\GitHub\EienRO_Hercules\vcproj-12\map-server\Debug\clif.obj
C:\Users\VM Rag\Documents\GitHub\EienRO_Hercules\vcproj-12\map-server\Debug\conf.obj
C:\Users\VM Rag\Documents\GitHub\EienRO_Hercules\vcproj-12\map-server\Debug\console.obj
C:\Users\VM Rag\Documents\GitHub\EienRO_Hercules\vcproj-12\map-server\Debug\core.obj
C:\Users\VM Rag\Documents\GitHub\EienRO_Hercules\vcproj-12\map-server\Debug\date.obj
C:\Users\VM Rag\Documents\GitHub\EienRO_Hercules\vcproj-12\map-server\Debug\db.obj
C:\Users\VM Rag\Documents\GitHub\EienRO_Hercules\vcproj-12\map-server\Debug\des.obj
C:\Users\VM Rag\Documents\GitHub\EienRO_Hercules\vcproj-12\map-server\Debug\duel.obj
C:\Users\VM Rag\Documents\GitHub\EienRO_Hercules\vcproj-12\map-server\Debug\elemental.obj
C:\Users\VM Rag\Documents\GitHub\EienRO_Hercules\vcproj-12\map-server\Debug\ers.obj
C:\Users\VM Rag\Documents\GitHub\EienRO_Hercules\vcproj-12\map-server\Debug\grammar.obj
C:\Users\VM Rag\Documents\GitHub\EienRO_Hercules\vcproj-12\map-server\Debug\grfio.obj
C:\Users\VM Rag\Documents\GitHub\EienRO_Hercules\vcproj-12\map-server\Debug\guild.obj
C:\Users\VM Rag\Documents\GitHub\EienRO_Hercules\vcproj-12\map-server\Debug\homunculus.obj
C:\Users\VM Rag\Documents\GitHub\EienRO_Hercules\vcproj-12\map-server\Debug\HPM.obj
C:\Users\VM Rag\Documents\GitHub\EienRO_Hercules\vcproj-12\map-server\Debug\HPMmap.obj
C:\Users\VM Rag\Documents\GitHub\EienRO_Hercules\vcproj-12\map-server\Debug\instance.obj
C:\Users\VM Rag\Documents\GitHub\EienRO_Hercules\vcproj-12\map-server\Debug\intif.obj
C:\Users\VM Rag\Documents\GitHub\EienRO_Hercules\vcproj-12\map-server\Debug\irc-bot.obj
C:\Users\VM Rag\Documents\GitHub\EienRO_Hercules\vcproj-12\map-server\Debug\itemdb.obj
C:\Users\VM Rag\Documents\GitHub\EienRO_Hercules\vcproj-12\map-server\Debug\libconfig.obj
C:\Users\VM Rag\Documents\GitHub\EienRO_Hercules\vcproj-12\map-server\Debug\log.obj
C:\Users\VM Rag\Documents\GitHub\EienRO_Hercules\vcproj-12\map-server\Debug\mail.obj
C:\Users\VM Rag\Documents\GitHub\EienRO_Hercules\vcproj-12\map-server\Debug\malloc.obj
C:\Users\VM Rag\Documents\GitHub\EienRO_Hercules\vcproj-12\map-server\Debug\map.obj
C:\Users\VM Rag\Documents\GitHub\EienRO_Hercules\vcproj-12\map-server\Debug\mapindex.obj
C:\Users\VM Rag\Documents\GitHub\EienRO_Hercules\vcproj-12\map-server\Debug\mapreg_sql.obj
C:\Users\VM Rag\Documents\GitHub\EienRO_Hercules\vcproj-12\map-server\Debug\md5calc.obj
C:\Users\VM Rag\Documents\GitHub\EienRO_Hercules\vcproj-12\map-server\Debug\mercenary.obj
C:\Users\VM Rag\Documents\GitHub\EienRO_Hercules\vcproj-12\map-server\Debug\mob.obj
C:\Users\VM Rag\Documents\GitHub\EienRO_Hercules\vcproj-12\map-server\Debug\mt19937ar.obj
C:\Users\VM Rag\Documents\GitHub\EienRO_Hercules\vcproj-12\map-server\Debug\mutex.obj
C:\Users\VM Rag\Documents\GitHub\EienRO_Hercules\vcproj-12\map-server\Debug\npc.obj
C:\Users\VM Rag\Documents\GitHub\EienRO_Hercules\vcproj-12\map-server\Debug\npc_chat.obj
C:\Users\VM Rag\Documents\GitHub\EienRO_Hercules\vcproj-12\map-server\Debug\nullpo.obj
C:\Users\VM Rag\Documents\GitHub\EienRO_Hercules\vcproj-12\map-server\Debug\party.obj
C:\Users\VM Rag\Documents\GitHub\EienRO_Hercules\vcproj-12\map-server\Debug\path.obj
C:\Users\VM Rag\Documents\GitHub\EienRO_Hercules\vcproj-12\map-server\Debug\pc.obj
C:\Users\VM Rag\Documents\GitHub\EienRO_Hercules\vcproj-12\map-server\Debug\pc_groups.obj
C:\Users\VM Rag\Documents\GitHub\EienRO_Hercules\vcproj-12\map-server\Debug\pet.obj
C:\Users\VM Rag\Documents\GitHub\EienRO_Hercules\vcproj-12\map-server\Debug\quest.obj
C:\Users\VM Rag\Documents\GitHub\EienRO_Hercules\vcproj-12\map-server\Debug\random.obj
C:\Users\VM Rag\Documents\GitHub\EienRO_Hercules\vcproj-12\map-server\Debug\scanctx.obj
C:\Users\VM Rag\Documents\GitHub\EienRO_Hercules\vcproj-12\map-server\Debug\scanner.obj
C:\Users\VM Rag\Documents\GitHub\EienRO_Hercules\vcproj-12\map-server\Debug\script.obj
C:\Users\VM Rag\Documents\GitHub\EienRO_Hercules\vcproj-12\map-server\Debug\searchstore.obj
C:\Users\VM Rag\Documents\GitHub\EienRO_Hercules\vcproj-12\map-server\Debug\showmsg.obj
C:\Users\VM Rag\Documents\GitHub\EienRO_Hercules\vcproj-12\map-server\Debug\skill.obj
C:\Users\VM Rag\Documents\GitHub\EienRO_Hercules\vcproj-12\map-server\Debug\socket.obj
C:\Users\VM Rag\Documents\GitHub\EienRO_Hercules\vcproj-12\map-server\Debug\sql.obj
C:\Users\VM Rag\Documents\GitHub\EienRO_Hercules\vcproj-12\map-server\Debug\status.obj
C:\Users\VM Rag\Documents\GitHub\EienRO_Hercules\vcproj-12\map-server\Debug\storage.obj
C:\Users\VM Rag\Documents\GitHub\EienRO_Hercules\vcproj-12\map-server\Debug\strbuf.obj
C:\Users\VM Rag\Documents\GitHub\EienRO_Hercules\vcproj-12\map-server\Debug\strlib.obj
C:\Users\VM Rag\Documents\GitHub\EienRO_Hercules\vcproj-12\map-server\Debug\sysinfo.obj
C:\Users\VM Rag\Documents\GitHub\EienRO_Hercules\vcproj-12\map-server\Debug\thread.obj
C:\Users\VM Rag\Documents\GitHub\EienRO_Hercules\vcproj-12\map-server\Debug\timer.obj
C:\Users\VM Rag\Documents\GitHub\EienRO_Hercules\vcproj-12\map-server\Debug\trade.obj
C:\Users\VM Rag\Documents\GitHub\EienRO_Hercules\vcproj-12\map-server\Debug\unit.obj
C:\Users\VM Rag\Documents\GitHub\EienRO_Hercules\vcproj-12\map-server\Debug\utils.obj
C:\Users\VM Rag\Documents\GitHub\EienRO_Hercules\vcproj-12\map-server\Debug\vending.obj
C:\Users\VM Rag\Documents\GitHub\EienRO_Hercules\vcproj-12\map-server\Debug\CL.2396.read.1.tlog
C:\Users\VM Rag\Documents\GitHub\EienRO_Hercules\vcproj-12\map-server\Debug\CL.2396.write.1.tlog
C:\Users\VM Rag\Documents\GitHub\EienRO_Hercules\vcproj-12\map-server\Debug\CL.4040.read.1.tlog
C:\Users\VM Rag\Documents\GitHub\EienRO_Hercules\vcproj-12\map-server\Debug\CL.4040.write.1.tlog
C:\Users\VM Rag\Documents\GitHub\EienRO_Hercules\vcproj-12\map-server\Debug\cl.command.1.tlog
C:\Users\VM Rag\Documents\GitHub\EienRO_Hercules\vcproj-12\map-server\Debug\CL.read.1.tlog
C:\Users\VM Rag\Documents\GitHub\EienRO_Hercules\vcproj-12\map-server\Debug\cl.write.1.tlog
C:\Users\VM Rag\Documents\GitHub\EienRO_Hercules\vcproj-12\map-server\Debug\link-cvtres.read.1.tlog
C:\Users\VM Rag\Documents\GitHub\EienRO_Hercules\vcproj-12\map-server\Debug\link-cvtres.write.1.tlog
C:\Users\VM Rag\Documents\GitHub\EienRO_Hercules\vcproj-12\map-server\Debug\link-rc.read.1.tlog
C:\Users\VM Rag\Documents\GitHub\EienRO_Hercules\vcproj-12\map-server\Debug\link-rc.write.1.tlog
C:\Users\VM Rag\Documents\GitHub\EienRO_Hercules\vcproj-12\map-server\Debug\link.command.1.tlog
C:\Users\VM Rag\Documents\GitHub\EienRO_Hercules\vcproj-12\map-server\Debug\link.read.1.tlog
C:\Users\VM Rag\Documents\GitHub\EienRO_Hercules\vcproj-12\map-server\Debug\link.write.1.tlog
C:\Users\VM Rag\Documents\GitHub\EienRO_Hercules\vcproj-12\map-server\Debug\map-server.write.1.tlog
C:\Users\VM Rag\Documents\GitHub\EienRO_Hercules\vcproj-12\map-server\Debug\vc110.idb
C:\Users\VM Rag\Documents\GitHub\EienRO_Hercules\vcproj-12\map-server\Debug\vc110.pdb
C:\Users\VM Rag\Documents\GitHub\EienRO_Hercules\vcproj-12\..\map-server.exe
