C:\HERCULESWS\HERCULESSERVER\VCPROJ-11\PLUGIN-HPMHOOKING_CHAR\DEBUG\HPMHOOKING.OBJ
C:\HERCULESWS\HERCULESSERVER\VCPROJ-11\PLUGIN-HPMHOOKING_CHAR\DEBUG\VC110.PDB
C:\HERCULESWS\HERCULESSERVER\PLUGINS\HPMHOOKING_CHAR.DLL
C:\HERCULESWS\HERCULESSERVER\VCPROJ-11\PLUGIN-HPMHOOKING_CHAR\DEBUG\HPMHOOKING_CHAR.PDB
C:\HerculesWS\HerculesServer\vcproj-11\plugin-HPMHooking_char\Debug\HPMHooking_char.lib
C:\HerculesWS\HerculesServer\vcproj-11\plugin-HPMHooking_char\Debug\HPMHooking_char.exp
C:\HerculesWS\HerculesServer\vcproj-11\plugin-HPMHooking_char\Debug\HPMHooking.obj
C:\HerculesWS\HerculesServer\vcproj-11\plugin-HPMHooking_char\Debug\cl.command.1.tlog
C:\HerculesWS\HerculesServer\vcproj-11\plugin-HPMHooking_char\Debug\CL.read.1.tlog
C:\HerculesWS\HerculesServer\vcproj-11\plugin-HPMHooking_char\Debug\CL.write.1.tlog
C:\HerculesWS\HerculesServer\vcproj-11\plugin-HPMHooking_char\Debug\link-cvtres.read.1.tlog
C:\HerculesWS\HerculesServer\vcproj-11\plugin-HPMHooking_char\Debug\link-cvtres.write.1.tlog
C:\HerculesWS\HerculesServer\vcproj-11\plugin-HPMHooking_char\Debug\link-rc.read.1.tlog
C:\HerculesWS\HerculesServer\vcproj-11\plugin-HPMHooking_char\Debug\link-rc.write.1.tlog
C:\HerculesWS\HerculesServer\vcproj-11\plugin-HPMHooking_char\Debug\link.command.1.tlog
C:\HerculesWS\HerculesServer\vcproj-11\plugin-HPMHooking_char\Debug\link.read.1.tlog
C:\HerculesWS\HerculesServer\vcproj-11\plugin-HPMHooking_char\Debug\link.write.1.tlog
C:\HerculesWS\HerculesServer\vcproj-11\plugin-HPMHooking_char\Debug\plugin-HPMHooking_char.write.1.tlog
C:\HerculesWS\HerculesServer\vcproj-11\plugin-HPMHooking_char\Debug\HPMHooking_char.pdb
C:\HerculesWS\HerculesServer\vcproj-11\plugin-HPMHooking_char\Debug\vc110.pdb
C:\HerculesWS\HerculesServer\vcproj-11\..\plugins\HPMHooking_char.dll
