C:\USERS\VM RAG\DOCUMENTS\GITHUB\EIENRO_HERCULES\VCPROJ-12\MAPCACHE\DEBUG\VC110.PDB
C:\USERS\VM RAG\DOCUMENTS\GITHUB\EIENRO_HERCULES\MAPCACHE.ILK
C:\USERS\VM RAG\DOCUMENTS\GITHUB\EIENRO_HERCULES\MAPCACHE.EXE
C:\USERS\VM RAG\DOCUMENTS\GITHUB\EIENRO_HERCULES\MAPCACHE.PDB
C:\Users\VM Rag\Documents\GitHub\EienRO_Hercules\vcproj-12\mapcache\Debug\console.obj
C:\Users\VM Rag\Documents\GitHub\EienRO_Hercules\vcproj-12\mapcache\Debug\core.obj
C:\Users\VM Rag\Documents\GitHub\EienRO_Hercules\vcproj-12\mapcache\Debug\des.obj
C:\Users\VM Rag\Documents\GitHub\EienRO_Hercules\vcproj-12\mapcache\Debug\grfio.obj
C:\Users\VM Rag\Documents\GitHub\EienRO_Hercules\vcproj-12\mapcache\Debug\malloc.obj
C:\Users\VM Rag\Documents\GitHub\EienRO_Hercules\vcproj-12\mapcache\Debug\mapcache.obj
C:\Users\VM Rag\Documents\GitHub\EienRO_Hercules\vcproj-12\mapcache\Debug\nullpo.obj
C:\Users\VM Rag\Documents\GitHub\EienRO_Hercules\vcproj-12\mapcache\Debug\showmsg.obj
C:\Users\VM Rag\Documents\GitHub\EienRO_Hercules\vcproj-12\mapcache\Debug\strlib.obj
C:\Users\VM Rag\Documents\GitHub\EienRO_Hercules\vcproj-12\mapcache\Debug\sysinfo.obj
C:\Users\VM Rag\Documents\GitHub\EienRO_Hercules\vcproj-12\mapcache\Debug\utils.obj
C:\Users\VM Rag\Documents\GitHub\EienRO_Hercules\vcproj-12\mapcache\Debug\CL.3692.read.1.tlog
C:\Users\VM Rag\Documents\GitHub\EienRO_Hercules\vcproj-12\mapcache\Debug\CL.3692.write.1.tlog
C:\Users\VM Rag\Documents\GitHub\EienRO_Hercules\vcproj-12\mapcache\Debug\CL.3772.read.1.tlog
C:\Users\VM Rag\Documents\GitHub\EienRO_Hercules\vcproj-12\mapcache\Debug\CL.3772.write.1.tlog
C:\Users\VM Rag\Documents\GitHub\EienRO_Hercules\vcproj-12\mapcache\Debug\cl.command.1.tlog
C:\Users\VM Rag\Documents\GitHub\EienRO_Hercules\vcproj-12\mapcache\Debug\CL.read.1.tlog
C:\Users\VM Rag\Documents\GitHub\EienRO_Hercules\vcproj-12\mapcache\Debug\cl.write.1.tlog
C:\Users\VM Rag\Documents\GitHub\EienRO_Hercules\vcproj-12\mapcache\Debug\link-cvtres.read.1.tlog
C:\Users\VM Rag\Documents\GitHub\EienRO_Hercules\vcproj-12\mapcache\Debug\link-cvtres.write.1.tlog
C:\Users\VM Rag\Documents\GitHub\EienRO_Hercules\vcproj-12\mapcache\Debug\link-rc.read.1.tlog
C:\Users\VM Rag\Documents\GitHub\EienRO_Hercules\vcproj-12\mapcache\Debug\link-rc.write.1.tlog
C:\Users\VM Rag\Documents\GitHub\EienRO_Hercules\vcproj-12\mapcache\Debug\link.command.1.tlog
C:\Users\VM Rag\Documents\GitHub\EienRO_Hercules\vcproj-12\mapcache\Debug\link.read.1.tlog
C:\Users\VM Rag\Documents\GitHub\EienRO_Hercules\vcproj-12\mapcache\Debug\link.write.1.tlog
C:\Users\VM Rag\Documents\GitHub\EienRO_Hercules\vcproj-12\mapcache\Debug\vc110.idb
C:\Users\VM Rag\Documents\GitHub\EienRO_Hercules\vcproj-12\mapcache\Debug\vc110.pdb
C:\Users\VM Rag\Documents\GitHub\EienRO_Hercules\vcproj-12\..\mapcache.exe
