C:\HERCULESWS\HERCULESSERVER\VCPROJ-11\PLUGIN-HPMHOOKING_LOGIN\DEBUG\HPMHOOKING.OBJ
C:\HERCULESWS\HERCULESSERVER\VCPROJ-11\PLUGIN-HPMHOOKING_LOGIN\DEBUG\VC110.PDB
C:\HERCULESWS\HERCULESSERVER\PLUGINS\HPMHOOKING_LOGIN.DLL
C:\HERCULESWS\HERCULESSERVER\VCPROJ-11\PLUGIN-HPMHOOKING_LOGIN\DEBUG\HPMHOOKING_LOGIN.PDB
C:\HerculesWS\HerculesServer\vcproj-11\plugin-HPMHooking_login\Debug\HPMHooking_login.lib
C:\HerculesWS\HerculesServer\vcproj-11\plugin-HPMHooking_login\Debug\HPMHooking_login.exp
C:\HerculesWS\HerculesServer\vcproj-11\plugin-HPMHooking_login\Debug\HPMHooking.obj
C:\HerculesWS\HerculesServer\vcproj-11\plugin-HPMHooking_login\Debug\cl.command.1.tlog
C:\HerculesWS\HerculesServer\vcproj-11\plugin-HPMHooking_login\Debug\CL.read.1.tlog
C:\HerculesWS\HerculesServer\vcproj-11\plugin-HPMHooking_login\Debug\CL.write.1.tlog
C:\HerculesWS\HerculesServer\vcproj-11\plugin-HPMHooking_login\Debug\link-cvtres.read.1.tlog
C:\HerculesWS\HerculesServer\vcproj-11\plugin-HPMHooking_login\Debug\link-cvtres.write.1.tlog
C:\HerculesWS\HerculesServer\vcproj-11\plugin-HPMHooking_login\Debug\link-rc.read.1.tlog
C:\HerculesWS\HerculesServer\vcproj-11\plugin-HPMHooking_login\Debug\link-rc.write.1.tlog
C:\HerculesWS\HerculesServer\vcproj-11\plugin-HPMHooking_login\Debug\link.command.1.tlog
C:\HerculesWS\HerculesServer\vcproj-11\plugin-HPMHooking_login\Debug\link.read.1.tlog
C:\HerculesWS\HerculesServer\vcproj-11\plugin-HPMHooking_login\Debug\link.write.1.tlog
C:\HerculesWS\HerculesServer\vcproj-11\plugin-HPMHooking_login\Debug\plugin-HPMHooking_login.write.1.tlog
C:\HerculesWS\HerculesServer\vcproj-11\plugin-HPMHooking_login\Debug\HPMHooking_login.pdb
C:\HerculesWS\HerculesServer\vcproj-11\plugin-HPMHooking_login\Debug\vc110.pdb
C:\HerculesWS\HerculesServer\vcproj-11\..\plugins\HPMHooking_login.dll
