C:\HERCULESWS\HERCULESSERVER\VCPROJ-11\PLUGIN-HPMHOOKING_MAP\DEBUG\HPMHOOKING.OBJ
C:\HERCULESWS\HERCULESSERVER\VCPROJ-11\PLUGIN-HPMHOOKING_MAP\DEBUG\VC110.PDB
C:\HERCULESWS\HERCULESSERVER\PLUGINS\HPMHOOKING_MAP.DLL
C:\HERCULESWS\HERCULESSERVER\VCPROJ-11\PLUGIN-HPMHOOKING_MAP\DEBUG\HPMHOOKING_MAP.PDB
C:\HerculesWS\HerculesServer\vcproj-11\plugin-HPMHooking_map\Debug\HPMHooking_map.lib
C:\HerculesWS\HerculesServer\vcproj-11\plugin-HPMHooking_map\Debug\HPMHooking_map.exp
C:\HerculesWS\HerculesServer\vcproj-11\plugin-HPMHooking_map\Debug\HPMHooking.obj
C:\HerculesWS\HerculesServer\vcproj-11\plugin-HPMHooking_map\Debug\cl.command.1.tlog
C:\HerculesWS\HerculesServer\vcproj-11\plugin-HPMHooking_map\Debug\CL.read.1.tlog
C:\HerculesWS\HerculesServer\vcproj-11\plugin-HPMHooking_map\Debug\CL.write.1.tlog
C:\HerculesWS\HerculesServer\vcproj-11\plugin-HPMHooking_map\Debug\link-cvtres.read.1.tlog
C:\HerculesWS\HerculesServer\vcproj-11\plugin-HPMHooking_map\Debug\link-cvtres.write.1.tlog
C:\HerculesWS\HerculesServer\vcproj-11\plugin-HPMHooking_map\Debug\link-rc.read.1.tlog
C:\HerculesWS\HerculesServer\vcproj-11\plugin-HPMHooking_map\Debug\link-rc.write.1.tlog
C:\HerculesWS\HerculesServer\vcproj-11\plugin-HPMHooking_map\Debug\link.command.1.tlog
C:\HerculesWS\HerculesServer\vcproj-11\plugin-HPMHooking_map\Debug\link.read.1.tlog
C:\HerculesWS\HerculesServer\vcproj-11\plugin-HPMHooking_map\Debug\link.write.1.tlog
C:\HerculesWS\HerculesServer\vcproj-11\plugin-HPMHooking_map\Debug\plugin-HPMHooking_map.write.1.tlog
C:\HerculesWS\HerculesServer\vcproj-11\plugin-HPMHooking_map\Debug\HPMHooking_map.pdb
C:\HerculesWS\HerculesServer\vcproj-11\plugin-HPMHooking_map\Debug\vc110.pdb
C:\HerculesWS\HerculesServer\vcproj-11\..\plugins\HPMHooking_map.dll
