C:\USERS\VM RAG\DOCUMENTS\GITHUB\EIENRO_HERCULES\VCPROJ-11\MAPCACHE\DEBUG\VC110.PDB
C:\USERS\VM RAG\DOCUMENTS\GITHUB\EIENRO_HERCULES\MAPCACHE.ILK
C:\USERS\VM RAG\DOCUMENTS\GITHUB\EIENRO_HERCULES\MAPCACHE.EXE
C:\USERS\VM RAG\DOCUMENTS\GITHUB\EIENRO_HERCULES\MAPCACHE.PDB
C:\Users\VM Rag\Documents\GitHub\EienRO_Hercules\vcproj-11\mapcache\Debug\console.obj
C:\Users\VM Rag\Documents\GitHub\EienRO_Hercules\vcproj-11\mapcache\Debug\core.obj
C:\Users\VM Rag\Documents\GitHub\EienRO_Hercules\vcproj-11\mapcache\Debug\des.obj
C:\Users\VM Rag\Documents\GitHub\EienRO_Hercules\vcproj-11\mapcache\Debug\grfio.obj
C:\Users\VM Rag\Documents\GitHub\EienRO_Hercules\vcproj-11\mapcache\Debug\malloc.obj
C:\Users\VM Rag\Documents\GitHub\EienRO_Hercules\vcproj-11\mapcache\Debug\mapcache.obj
C:\Users\VM Rag\Documents\GitHub\EienRO_Hercules\vcproj-11\mapcache\Debug\nullpo.obj
C:\Users\VM Rag\Documents\GitHub\EienRO_Hercules\vcproj-11\mapcache\Debug\showmsg.obj
C:\Users\VM Rag\Documents\GitHub\EienRO_Hercules\vcproj-11\mapcache\Debug\strlib.obj
C:\Users\VM Rag\Documents\GitHub\EienRO_Hercules\vcproj-11\mapcache\Debug\sysinfo.obj
C:\Users\VM Rag\Documents\GitHub\EienRO_Hercules\vcproj-11\mapcache\Debug\utils.obj
C:\Users\VM Rag\Documents\GitHub\EienRO_Hercules\vcproj-11\mapcache\Debug\CL.2212.read.1.tlog
C:\Users\VM Rag\Documents\GitHub\EienRO_Hercules\vcproj-11\mapcache\Debug\CL.2212.write.1.tlog
C:\Users\VM Rag\Documents\GitHub\EienRO_Hercules\vcproj-11\mapcache\Debug\CL.3408.read.1.tlog
C:\Users\VM Rag\Documents\GitHub\EienRO_Hercules\vcproj-11\mapcache\Debug\CL.3408.write.1.tlog
C:\Users\VM Rag\Documents\GitHub\EienRO_Hercules\vcproj-11\mapcache\Debug\cl.command.1.tlog
C:\Users\VM Rag\Documents\GitHub\EienRO_Hercules\vcproj-11\mapcache\Debug\CL.read.1.tlog
C:\Users\VM Rag\Documents\GitHub\EienRO_Hercules\vcproj-11\mapcache\Debug\cl.write.1.tlog
C:\Users\VM Rag\Documents\GitHub\EienRO_Hercules\vcproj-11\mapcache\Debug\link-cvtres.read.1.tlog
C:\Users\VM Rag\Documents\GitHub\EienRO_Hercules\vcproj-11\mapcache\Debug\link-cvtres.write.1.tlog
C:\Users\VM Rag\Documents\GitHub\EienRO_Hercules\vcproj-11\mapcache\Debug\link-rc.read.1.tlog
C:\Users\VM Rag\Documents\GitHub\EienRO_Hercules\vcproj-11\mapcache\Debug\link-rc.write.1.tlog
C:\Users\VM Rag\Documents\GitHub\EienRO_Hercules\vcproj-11\mapcache\Debug\link.command.1.tlog
C:\Users\VM Rag\Documents\GitHub\EienRO_Hercules\vcproj-11\mapcache\Debug\link.read.1.tlog
C:\Users\VM Rag\Documents\GitHub\EienRO_Hercules\vcproj-11\mapcache\Debug\link.write.1.tlog
C:\Users\VM Rag\Documents\GitHub\EienRO_Hercules\vcproj-11\mapcache\Debug\vc110.idb
C:\Users\VM Rag\Documents\GitHub\EienRO_Hercules\vcproj-11\mapcache\Debug\vc110.pdb
C:\Users\VM Rag\Documents\GitHub\EienRO_Hercules\vcproj-11\..\mapcache.exe
