C:\USERS\VM RAG\DOCUMENTS\GITHUB\EIENRO_HERCULES\VCPROJ-11\PLUGIN-SAMPLE\DEBUG\SAMPLE.OBJ
C:\USERS\VM RAG\DOCUMENTS\GITHUB\EIENRO_HERCULES\VCPROJ-11\PLUGIN-SAMPLE\DEBUG\VC110.PDB
C:\USERS\VM RAG\DOCUMENTS\GITHUB\EIENRO_HERCULES\PLUGINS\PLUGIN-SAMPLE.DLL
C:\USERS\VM RAG\DOCUMENTS\GITHUB\EIENRO_HERCULES\VCPROJ-11\PLUGIN-SAMPLE\DEBUG\PLUGIN-SAMPLE.PDB
C:\Users\VM Rag\Documents\GitHub\EienRO_Hercules\vcproj-11\plugin-sample\Debug\plugin-sample.lib
C:\Users\VM Rag\Documents\GitHub\EienRO_Hercules\vcproj-11\plugin-sample\Debug\plugin-sample.exp
C:\Users\VM Rag\Documents\GitHub\EienRO_Hercules\vcproj-11\plugin-sample\Debug\sample.obj
C:\Users\VM Rag\Documents\GitHub\EienRO_Hercules\vcproj-11\plugin-sample\Debug\cl.command.1.tlog
C:\Users\VM Rag\Documents\GitHub\EienRO_Hercules\vcproj-11\plugin-sample\Debug\CL.read.1.tlog
C:\Users\VM Rag\Documents\GitHub\EienRO_Hercules\vcproj-11\plugin-sample\Debug\CL.write.1.tlog
C:\Users\VM Rag\Documents\GitHub\EienRO_Hercules\vcproj-11\plugin-sample\Debug\link-cvtres.read.1.tlog
C:\Users\VM Rag\Documents\GitHub\EienRO_Hercules\vcproj-11\plugin-sample\Debug\link-cvtres.write.1.tlog
C:\Users\VM Rag\Documents\GitHub\EienRO_Hercules\vcproj-11\plugin-sample\Debug\link-rc.read.1.tlog
C:\Users\VM Rag\Documents\GitHub\EienRO_Hercules\vcproj-11\plugin-sample\Debug\link-rc.write.1.tlog
C:\Users\VM Rag\Documents\GitHub\EienRO_Hercules\vcproj-11\plugin-sample\Debug\link.command.1.tlog
C:\Users\VM Rag\Documents\GitHub\EienRO_Hercules\vcproj-11\plugin-sample\Debug\link.read.1.tlog
C:\Users\VM Rag\Documents\GitHub\EienRO_Hercules\vcproj-11\plugin-sample\Debug\link.write.1.tlog
C:\Users\VM Rag\Documents\GitHub\EienRO_Hercules\vcproj-11\plugin-sample\Debug\plugin-sample.write.1.tlog
C:\Users\VM Rag\Documents\GitHub\EienRO_Hercules\vcproj-11\plugin-sample\Debug\plugin-sample.pdb
C:\Users\VM Rag\Documents\GitHub\EienRO_Hercules\vcproj-11\plugin-sample\Debug\vc110.pdb
C:\Users\VM Rag\Documents\GitHub\EienRO_Hercules\vcproj-11\..\plugins\plugin-sample.dll
